<?xml version="1.0" encoding="UTF-8"?>
<!-- Generated by org.testng.reporters.JUnitXMLReporter -->
<testsuite ignored="0" hostname="DESKTOP-2AFDCIK" failures="2" tests="9" name="Mult Tests" time="0.0" errors="0" timestamp="28 июн. 2018 16:18:30 GMT">
  <testcase classname="com.epam.cdp.CalcUnitTests.Tests.MultCalcTestLong" name="multTest" time="0.0"/>
  <testcase classname="com.epam.cdp.CalcUnitTests.Tests.MultCalcTestLong" name="multTest" time="0.0"/>
  <testcase classname="com.epam.cdp.CalcUnitTests.Tests.MultCalcTestLong" name="multTest" time="0.0"/>
  <testcase classname="com.epam.cdp.CalcUnitTests.Tests.MultCalcTestDouble" name="multTest" time="0.0">
    <failure type="java.lang.AssertionError" message="Sum operation is incorrect: 1.11 * 1.11 = 1.0 expected [1.2321] but found [1.0]">
      <![CDATA[java.lang.AssertionError: Sum operation is incorrect: 1.11 * 1.11 = 1.0 expected [1.2321] but found [1.0]
at com.epam.cdp.CalcUnitTests.Tests.MultCalcTestDouble.multTest(MultCalcTestDouble.java:13)
at java.base/java.util.concurrent.ThreadPoolExecutor.runWorker(ThreadPoolExecutor.java:1167)
at java.base/java.util.concurrent.ThreadPoolExecutor$Worker.run(ThreadPoolExecutor.java:641)
at java.base/java.lang.Thread.run(Thread.java:844)
... Removed 14 stack frames]]>
    </failure>
  </testcase> <!-- multTest -->
  <testcase classname="com.epam.cdp.CalcUnitTests.Tests.MultCalcTestDouble" name="multTest" time="0.0"/>
  <testcase classname="com.epam.cdp.CalcUnitTests.Tests.MultCalcTestLong" name="multTest" time="0.0"/>
  <testcase classname="com.epam.cdp.CalcUnitTests.Tests.MultCalcTestDouble" name="multTest" time="0.0">
    <failure type="java.lang.AssertionError" message="Sum operation is incorrect: -1.11 * 1.11 = -2.0 expected [-1.2321] but found [-2.0]">
      <![CDATA[java.lang.AssertionError: Sum operation is incorrect: -1.11 * 1.11 = -2.0 expected [-1.2321] but found [-2.0]
at com.epam.cdp.CalcUnitTests.Tests.MultCalcTestDouble.multTest(MultCalcTestDouble.java:13)
at java.base/java.util.concurrent.ThreadPoolExecutor.runWorker(ThreadPoolExecutor.java:1167)
at java.base/java.util.concurrent.ThreadPoolExecutor$Worker.run(ThreadPoolExecutor.java:641)
at java.base/java.lang.Thread.run(Thread.java:844)
... Removed 14 stack frames]]>
    </failure>
  </testcase> <!-- multTest -->
  <testcase classname="com.epam.cdp.CalcUnitTests.Tests.MultCalcTestLong" name="multTest" time="0.0"/>
  <testcase classname="com.epam.cdp.CalcUnitTests.Tests.MultCalcTestLong" name="multTest" time="0.0"/>
</testsuite> <!-- Mult Tests -->
