<?xml version="1.0" encoding="UTF-8"?>
<!-- Generated by org.testng.reporters.JUnitXMLReporter -->
<testsuite ignored="0" hostname="DESKTOP-2AFDCIK" failures="2" tests="9" name="Mult Tests" time="0.006" errors="0" timestamp="26 июн. 2018 16:37:17 GMT">
  <testcase classname="MultCalcTestLong" name="multTest" time="0.0"/>
  <testcase classname="MultCalcTestLong" name="multTest" time="0.0"/>
  <testcase classname="MultCalcTestLong" name="multTest" time="0.0"/>
  <testcase classname="MultCalcTestLong" name="multTest" time="0.0"/>
  <testcase classname="MultCalcTestLong" name="multTest" time="0.0"/>
  <testcase classname="MultCalcTestLong" name="multTest" time="0.0"/>
  <testcase classname="MultCalcTestDouble" name="multTest" time="0.002">
    <failure type="java.lang.AssertionError" message="Sum operation is incorrect: 1.11 * 1.11 = 1.0 expected [1.2321] but found [1.0]">
      <![CDATA[java.lang.AssertionError: Sum operation is incorrect: 1.11 * 1.11 = 1.0 expected [1.2321] but found [1.0]
at MultCalcTestDouble.multTest(MultCalcTestDouble.java:13)
at Runners.CalcTestsRunner.main(CalcTestsRunner.java:24)
... Removed 27 stack frames]]>
    </failure>
  </testcase> <!-- multTest -->
  <testcase classname="MultCalcTestDouble" name="multTest" time="0.0"/>
  <testcase classname="MultCalcTestDouble" name="multTest" time="0.001">
    <failure type="java.lang.AssertionError" message="Sum operation is incorrect: -1.11 * 1.11 = -2.0 expected [-1.2321] but found [-2.0]">
      <![CDATA[java.lang.AssertionError: Sum operation is incorrect: -1.11 * 1.11 = -2.0 expected [-1.2321] but found [-2.0]
at MultCalcTestDouble.multTest(MultCalcTestDouble.java:13)
at Runners.CalcTestsRunner.main(CalcTestsRunner.java:24)
... Removed 27 stack frames]]>
    </failure>
  </testcase> <!-- multTest -->
</testsuite> <!-- Mult Tests -->
