<!DOCTYPE html PUBLIC "-//W3C//DTD XHTML 1.1//EN" "http://www.w3.org/TR/xhtml11/DTD/xhtml11.dtd">
<html xmlns="http://www.w3.org/1999/xhtml">
<head>
<meta http-equiv="content-type" content="text/html; charset=UTF-8"/>
<title>TestNG Report</title>
<style type="text/css">table {margin-bottom:10px;border-collapse:collapse;empty-cells:show}th,td {border:1px solid #009;padding:.25em .5em}th {vertical-align:bottom}td {vertical-align:top}table a {font-weight:bold}.stripe td {background-color: #E6EBF9}.num {text-align:right}.passedodd td {background-color: #3F3}.passedeven td {background-color: #0A0}.skippedodd td {background-color: #DDD}.skippedeven td {background-color: #CCC}.failedodd td,.attn {background-color: #F33}.failedeven td,.stripe .attn {background-color: #D00}.stacktrace {white-space:pre;font-family:monospace}.totop {font-size:85%;text-align:center;border-bottom:2px solid #000}.invisible {display:none}</style>
</head>
<body>
<table>
<tr><th>Test</th><th># Passed</th><th># Skipped</th><th># Failed</th><th>Time (ms)</th><th>Included Groups</th><th>Excluded Groups</th></tr>
<tr><th colspan="7">Main Operations</th></tr>
<tr><td><a href="#t0">Sub Tests</a></td><td class="num">4</td><td class="num">0</td><td class="num">0</td><td class="num">34</td><td>Smoke</td><td></td></tr>
<tr class="stripe"><td><a href="#t1">Mult Tests</a></td><td class="num">7</td><td class="num">0</td><td class="num attn">2</td><td class="num">5</td><td>Smoke</td><td></td></tr>
<tr><th colspan="7">Other Operations</th></tr>
<tr><td><a href="#t2">Pow Tests</a></td><td class="num">5</td><td class="num">0</td><td class="num attn">5</td><td class="num">4</td><td></td><td></td></tr>
<tr class="stripe"><td><a href="#t3">Sqrt Tests</a></td><td class="num">3</td><td class="num">0</td><td class="num attn">1</td><td class="num">5</td><td></td><td></td></tr>
<tr><td><a href="#t4">Trigonometry Tests</a></td><td class="num">3</td><td class="num">0</td><td class="num attn">10</td><td class="num">16</td><td></td><td></td></tr>
<tr class="stripe"><td><a href="#t5">Boolean tests</a></td><td class="num">6</td><td class="num">0</td><td class="num">0</td><td class="num">3</td><td></td><td></td></tr>
<tr><th colspan="7">All Tests</th></tr>
<tr><th>Total</th><th class="num">28</th><th class="num">0</th><th class="num attn">18</th><th class="num">67</th><th colspan="2"></th></tr>
</table>
<table id='summary'><thead><tr><th>Class</th><th>Method</th><th>Start</th><th>Time (ms)</th></tr></thead><tbody><tr><th colspan="4">Main Operations</th></tr></tbody><tbody id="t0"><tr><th colspan="4">Sub Tests &#8212; passed</th></tr><tr class="passedeven"><td rowspan="3">com.epam.cdp.calc_unit_tests.tests.SubCalcTestDouble</td><td><a href="#m0">subTest</a></td><td rowspan="3">1530728528928</td><td rowspan="3">7</td></tr><tr class="passedeven"><td><a href="#m1">subTest</a></td></tr><tr class="passedeven"><td><a href="#m2">subTest</a></td></tr><tr class="passedodd"><td rowspan="1">com.epam.cdp.calc_unit_tests.tests.SubCalcTestLong</td><td><a href="#m3">subTest</a></td><td rowspan="1">1530728528928</td><td rowspan="1">7</td></tr></tbody>
<tbody id="t1"><tr><th colspan="4">Mult Tests &#8212; failed</th></tr><tr class="failedeven"><td rowspan="2">com.epam.cdp.calc_unit_tests.tests.MultCalcTestDouble</td><td><a href="#m4">multTest</a></td><td rowspan="2">1530728529044</td><td rowspan="2">0</td></tr><tr class="failedeven"><td><a href="#m5">multTest</a></td></tr><tr><th colspan="4">Mult Tests &#8212; passed</th></tr><tr class="passedeven"><td rowspan="1">com.epam.cdp.calc_unit_tests.tests.MultCalcTestDouble</td><td><a href="#m6">multTest</a></td><td rowspan="1">1530728529043</td><td rowspan="1">0</td></tr><tr class="passedodd"><td rowspan="6">com.epam.cdp.calc_unit_tests.tests.MultCalcTestLong</td><td><a href="#m7">multTest</a></td><td rowspan="6">1530728529043</td><td rowspan="6">0</td></tr><tr class="passedodd"><td><a href="#m8">multTest</a></td></tr><tr class="passedodd"><td><a href="#m9">multTest</a></td></tr><tr class="passedodd"><td><a href="#m10">multTest</a></td></tr><tr class="passedodd"><td><a href="#m11">multTest</a></td></tr><tr class="passedodd"><td><a href="#m12">multTest</a></td></tr></tbody>
<tbody><tr><th colspan="4">Other Operations</th></tr></tbody><tbody id="t2"><tr><th colspan="4">Pow Tests &#8212; failed</th></tr><tr class="failedeven"><td rowspan="5">com.epam.cdp.calc_unit_tests.tests.PowCalcTestDouble</td><td><a href="#m13">powNegativeTest</a></td><td rowspan="2">1530728529079</td><td rowspan="2">0</td></tr><tr class="failedeven"><td><a href="#m14">powNegativeTest</a></td></tr><tr class="failedeven"><td><a href="#m15">powTest</a></td><td rowspan="3">1530728529081</td><td rowspan="3">0</td></tr><tr class="failedeven"><td><a href="#m16">powTest</a></td></tr><tr class="failedeven"><td><a href="#m17">powTest</a></td></tr><tr><th colspan="4">Pow Tests &#8212; passed</th></tr><tr class="passedeven"><td rowspan="5">com.epam.cdp.calc_unit_tests.tests.PowCalcTestDouble</td><td><a href="#m18">powTest</a></td><td rowspan="5">1530728529080</td><td rowspan="5">0</td></tr><tr class="passedeven"><td><a href="#m19">powTest</a></td></tr><tr class="passedeven"><td><a href="#m20">powTest</a></td></tr><tr class="passedeven"><td><a href="#m21">powTest</a></td></tr><tr class="passedeven"><td><a href="#m22">powTest</a></td></tr></tbody>
<tbody id="t3"><tr><th colspan="4">Sqrt Tests &#8212; failed</th></tr><tr class="failedeven"><td rowspan="1">com.epam.cdp.calc_unit_tests.tests.SqrtCalcTestDouble</td><td><a href="#m23">sqrtTest</a></td><td rowspan="1">1530728529110</td><td rowspan="1">0</td></tr><tr><th colspan="4">Sqrt Tests &#8212; passed</th></tr><tr class="passedeven"><td rowspan="3">com.epam.cdp.calc_unit_tests.tests.SqrtCalcTestDouble</td><td><a href="#m24">sqrtTest</a></td><td rowspan="3">1530728529113</td><td rowspan="3">1</td></tr><tr class="passedeven"><td><a href="#m25">sqrtTest</a></td></tr><tr class="passedeven"><td><a href="#m26">sqrtTest</a></td></tr></tbody>
<tbody id="t4"><tr><th colspan="4">Trigonometry Tests &#8212; failed</th></tr><tr class="failedeven"><td rowspan="3">com.epam.cdp.calc_unit_tests.tests.CosCalcTestDouble</td><td><a href="#m27">sinTest</a></td><td rowspan="3">1530728529140</td><td rowspan="3">0</td></tr><tr class="failedeven"><td><a href="#m28">sinTest</a></td></tr><tr class="failedeven"><td><a href="#m29">sinTest</a></td></tr><tr class="failedodd"><td rowspan="3">com.epam.cdp.calc_unit_tests.tests.CtgCalcTestDouble</td><td><a href="#m30">ctgTest</a></td><td rowspan="2">1530728529152</td><td rowspan="2">0</td></tr><tr class="failedodd"><td><a href="#m31">ctgTest</a></td></tr><tr class="failedodd"><td><a href="#m32">ctgTestNegative</a></td><td rowspan="1">1530728529153</td><td rowspan="1">0</td></tr><tr class="failedeven"><td rowspan="4">com.epam.cdp.calc_unit_tests.tests.TgCalcTestDouble</td><td><a href="#m33">tgTest</a></td><td rowspan="4">1530728529141</td><td rowspan="4">1</td></tr><tr class="failedeven"><td><a href="#m34">tgTest</a></td></tr><tr class="failedeven"><td><a href="#m35">tgTest</a></td></tr><tr class="failedeven"><td><a href="#m36">tgTest</a></td></tr><tr><th colspan="4">Trigonometry Tests &#8212; passed</th></tr><tr class="passedeven"><td rowspan="3">com.epam.cdp.calc_unit_tests.tests.SinCalcTestDouble</td><td><a href="#m37">sinTest</a></td><td rowspan="3">1530728529139</td><td rowspan="3">0</td></tr><tr class="passedeven"><td><a href="#m38">sinTest</a></td></tr><tr class="passedeven"><td><a href="#m39">sinTest</a></td></tr></tbody>
<tbody id="t5"><tr><th colspan="4">Boolean tests &#8212; passed</th></tr><tr class="passedeven"><td rowspan="3">com.epam.cdp.calc_unit_tests.tests.IsNegativeCalcTestLong</td><td><a href="#m40">isNegativeTest</a></td><td rowspan="3">1530728529184</td><td rowspan="3">0</td></tr><tr class="passedeven"><td><a href="#m41">isNegativeTest</a></td></tr><tr class="passedeven"><td><a href="#m42">isNegativeTest</a></td></tr><tr class="passedodd"><td rowspan="3">com.epam.cdp.calc_unit_tests.tests.IsPositiveCalcTestLong</td><td><a href="#m43">isPositiveTest</a></td><td rowspan="3">1530728529183</td><td rowspan="3">0</td></tr><tr class="passedodd"><td><a href="#m44">isPositiveTest</a></td></tr><tr class="passedodd"><td><a href="#m45">isPositiveTest</a></td></tr></tbody>
<tbody><tr><th colspan="4">All Tests</th></tr></tbody></table>
<h2>Sub Tests</h2><h3 id="m0">com.epam.cdp.calc_unit_tests.tests.SubCalcTestDouble#subTest</h3><table class="result"><tr class="param"><th>Parameter #1</th><th>Parameter #2</th><th>Parameter #3</th></tr><tr class="param stripe"><td>1.25</td><td>0.05</td><td>1.2</td></tr></table><p class="totop"><a href="#summary">back to summary</a></p>
<h3 id="m1">com.epam.cdp.calc_unit_tests.tests.SubCalcTestDouble#subTest</h3><table class="result"><tr class="param"><th>Parameter #1</th><th>Parameter #2</th><th>Parameter #3</th></tr><tr class="param stripe"><td>1.25</td><td>1.5</td><td>-0.25</td></tr></table><p class="totop"><a href="#summary">back to summary</a></p>
<h3 id="m2">com.epam.cdp.calc_unit_tests.tests.SubCalcTestDouble#subTest</h3><table class="result"><tr class="param"><th>Parameter #1</th><th>Parameter #2</th><th>Parameter #3</th></tr><tr class="param stripe"><td>1.22222</td><td>0.11111</td><td>1.11111</td></tr></table><p class="totop"><a href="#summary">back to summary</a></p>
<h3 id="m3">com.epam.cdp.calc_unit_tests.tests.SubCalcTestLong#subTest</h3><table class="result"><tr class="param"><th>Parameter #1</th><th>Parameter #2</th><th>Parameter #3</th></tr><tr class="param stripe"><td>84</td><td>6</td><td>78</td></tr></table><p class="totop"><a href="#summary">back to summary</a></p>
<h2>Mult Tests</h2><h3 id="m4">com.epam.cdp.calc_unit_tests.tests.MultCalcTestDouble#multTest</h3><table class="result"><tr class="param"><th>Parameter #1</th><th>Parameter #2</th><th>Parameter #3</th></tr><tr class="param stripe"><td>-1.11</td><td>1.11</td><td>-1.2321</td></tr><tr><th colspan="3">Exception</th></tr><tr><td colspan="3"><div class="stacktrace">java.lang.AssertionError: Mult operation is incorrect: -1.11 * 1.11 = -2.0 expected [-1.2321] but found [-2.0]
	at com.epam.cdp.calc_unit_tests.tests.MultCalcTestDouble.multTest(MultCalcTestDouble.java:13)
	at java.base/java.util.concurrent.ThreadPoolExecutor.runWorker(ThreadPoolExecutor.java:1167)
	at java.base/java.util.concurrent.ThreadPoolExecutor$Worker.run(ThreadPoolExecutor.java:641)
	at java.base/java.lang.Thread.run(Thread.java:844)
... Removed 14 stack frames</div></td></tr></table><p class="totop"><a href="#summary">back to summary</a></p>
<h3 id="m5">com.epam.cdp.calc_unit_tests.tests.MultCalcTestDouble#multTest</h3><table class="result"><tr class="param"><th>Parameter #1</th><th>Parameter #2</th><th>Parameter #3</th></tr><tr class="param stripe"><td>1.11</td><td>1.11</td><td>1.2321</td></tr><tr><th colspan="3">Exception</th></tr><tr><td colspan="3"><div class="stacktrace">java.lang.AssertionError: Mult operation is incorrect: 1.11 * 1.11 = 1.0 expected [1.2321] but found [1.0]
	at com.epam.cdp.calc_unit_tests.tests.MultCalcTestDouble.multTest(MultCalcTestDouble.java:13)
	at java.base/java.util.concurrent.ThreadPoolExecutor.runWorker(ThreadPoolExecutor.java:1167)
	at java.base/java.util.concurrent.ThreadPoolExecutor$Worker.run(ThreadPoolExecutor.java:641)
	at java.base/java.lang.Thread.run(Thread.java:844)
... Removed 14 stack frames</div></td></tr></table><p class="totop"><a href="#summary">back to summary</a></p>
<h3 id="m6">com.epam.cdp.calc_unit_tests.tests.MultCalcTestDouble#multTest</h3><table class="result"><tr class="param"><th>Parameter #1</th><th>Parameter #2</th><th>Parameter #3</th></tr><tr class="param stripe"><td>1.0</td><td>2.0</td><td>2.0</td></tr></table><p class="totop"><a href="#summary">back to summary</a></p>
<h3 id="m7">com.epam.cdp.calc_unit_tests.tests.MultCalcTestLong#multTest</h3><table class="result"><tr class="param"><th>Parameter #1</th><th>Parameter #2</th><th>Parameter #3</th></tr><tr class="param stripe"><td>-2</td><td>-5</td><td>10</td></tr></table><p class="totop"><a href="#summary">back to summary</a></p>
<h3 id="m8">com.epam.cdp.calc_unit_tests.tests.MultCalcTestLong#multTest</h3><table class="result"><tr class="param"><th>Parameter #1</th><th>Parameter #2</th><th>Parameter #3</th></tr><tr class="param stripe"><td>2</td><td>2</td><td>4</td></tr></table><p class="totop"><a href="#summary">back to summary</a></p>
<h3 id="m9">com.epam.cdp.calc_unit_tests.tests.MultCalcTestLong#multTest</h3><table class="result"><tr class="param"><th>Parameter #1</th><th>Parameter #2</th><th>Parameter #3</th></tr><tr class="param stripe"><td>0</td><td>0</td><td>0</td></tr></table><p class="totop"><a href="#summary">back to summary</a></p>
<h3 id="m10">com.epam.cdp.calc_unit_tests.tests.MultCalcTestLong#multTest</h3><table class="result"><tr class="param"><th>Parameter #1</th><th>Parameter #2</th><th>Parameter #3</th></tr><tr class="param stripe"><td>-2</td><td>5</td><td>-10</td></tr></table><p class="totop"><a href="#summary">back to summary</a></p>
<h3 id="m11">com.epam.cdp.calc_unit_tests.tests.MultCalcTestLong#multTest</h3><table class="result"><tr class="param"><th>Parameter #1</th><th>Parameter #2</th><th>Parameter #3</th></tr><tr class="param stripe"><td>1</td><td>1</td><td>1</td></tr></table><p class="totop"><a href="#summary">back to summary</a></p>
<h3 id="m12">com.epam.cdp.calc_unit_tests.tests.MultCalcTestLong#multTest</h3><table class="result"><tr class="param"><th>Parameter #1</th><th>Parameter #2</th><th>Parameter #3</th></tr><tr class="param stripe"><td>5</td><td>0</td><td>0</td></tr></table><p class="totop"><a href="#summary">back to summary</a></p>
<h2>Pow Tests</h2><h3 id="m13">com.epam.cdp.calc_unit_tests.tests.PowCalcTestDouble#powNegativeTest</h3><table class="result"><tr class="param"><th>Parameter #1</th><th>Parameter #2</th></tr><tr class="param stripe"><td>-2.2</td><td>-2.2</td></tr><tr><th colspan="2">Exception</th></tr><tr><td colspan="2"><div class="stacktrace">org.testng.TestException: 
Method PowCalcTestDouble.powNegativeTest(double, double)[pri:0, instance:com.epam.cdp.calc_unit_tests.tests.PowCalcTestDouble@7dda48d9] should have thrown an exception of type class java.lang.Exception
	at Runners.CalcTestsRunner.main(CalcTestsRunner.java:31)
... Removed 20 stack frames</div></td></tr></table><p class="totop"><a href="#summary">back to summary</a></p>
<h3 id="m14">com.epam.cdp.calc_unit_tests.tests.PowCalcTestDouble#powNegativeTest</h3><table class="result"><tr class="param"><th>Parameter #1</th><th>Parameter #2</th></tr><tr class="param stripe"><td>-2.2</td><td>2.2</td></tr><tr><th colspan="2">Exception</th></tr><tr><td colspan="2"><div class="stacktrace">org.testng.TestException: 
Method PowCalcTestDouble.powNegativeTest(double, double)[pri:0, instance:com.epam.cdp.calc_unit_tests.tests.PowCalcTestDouble@7dda48d9] should have thrown an exception of type class java.lang.Exception
	at Runners.CalcTestsRunner.main(CalcTestsRunner.java:31)
... Removed 20 stack frames</div></td></tr></table><p class="totop"><a href="#summary">back to summary</a></p>
<h3 id="m15">com.epam.cdp.calc_unit_tests.tests.PowCalcTestDouble#powTest</h3><table class="result"><tr class="param"><th>Parameter #1</th><th>Parameter #2</th><th>Parameter #3</th></tr><tr class="param stripe"><td>2</td><td>2.5</td><td>5.656854249492381</td></tr><tr><th colspan="3">Exception</th></tr><tr><td colspan="3"><div class="stacktrace">java.lang.AssertionError: Pow operation is incorrect: 2.0^2.5 = 4.0 expected [5.656854249492381] but found [4.0]
	at com.epam.cdp.calc_unit_tests.tests.PowCalcTestDouble.powTest(PowCalcTestDouble.java:13)
	at Runners.CalcTestsRunner.main(CalcTestsRunner.java:31)
... Removed 27 stack frames</div></td></tr></table><p class="totop"><a href="#summary">back to summary</a></p>
<h3 id="m16">com.epam.cdp.calc_unit_tests.tests.PowCalcTestDouble#powTest</h3><table class="result"><tr class="param"><th>Parameter #1</th><th>Parameter #2</th><th>Parameter #3</th></tr><tr class="param stripe"><td>2.2</td><td>-2.2</td><td>0.1764696816352779</td></tr><tr><th colspan="3">Exception</th></tr><tr><td colspan="3"><div class="stacktrace">java.lang.AssertionError: Pow operation is incorrect: 2.2^-2.2 = 0.09391435011269719 expected [0.1764696816352779] but found [0.09391435011269719]
	at com.epam.cdp.calc_unit_tests.tests.PowCalcTestDouble.powTest(PowCalcTestDouble.java:13)
	at Runners.CalcTestsRunner.main(CalcTestsRunner.java:31)
... Removed 27 stack frames</div></td></tr></table><p class="totop"><a href="#summary">back to summary</a></p>
<h3 id="m17">com.epam.cdp.calc_unit_tests.tests.PowCalcTestDouble#powTest</h3><table class="result"><tr class="param"><th>Parameter #1</th><th>Parameter #2</th><th>Parameter #3</th></tr><tr class="param stripe"><td>2.5</td><td>2.5</td><td>9.8821176880262</td></tr><tr><th colspan="3">Exception</th></tr><tr><td colspan="3"><div class="stacktrace">java.lang.AssertionError: Pow operation is incorrect: 2.5^2.5 = 6.25 expected [9.8821176880262] but found [6.25]
	at com.epam.cdp.calc_unit_tests.tests.PowCalcTestDouble.powTest(PowCalcTestDouble.java:13)
	at Runners.CalcTestsRunner.main(CalcTestsRunner.java:31)
... Removed 27 stack frames</div></td></tr></table><p class="totop"><a href="#summary">back to summary</a></p>
<h3 id="m18">com.epam.cdp.calc_unit_tests.tests.PowCalcTestDouble#powTest</h3><table class="result"><tr class="param"><th>Parameter #1</th><th>Parameter #2</th><th>Parameter #3</th></tr><tr class="param stripe"><td>2</td><td>-3</td><td>0.125</td></tr></table><p class="totop"><a href="#summary">back to summary</a></p>
<h3 id="m19">com.epam.cdp.calc_unit_tests.tests.PowCalcTestDouble#powTest</h3><table class="result"><tr class="param"><th>Parameter #1</th><th>Parameter #2</th><th>Parameter #3</th></tr><tr class="param stripe"><td>-2</td><td>3</td><td>-8</td></tr></table><p class="totop"><a href="#summary">back to summary</a></p>
<h3 id="m20">com.epam.cdp.calc_unit_tests.tests.PowCalcTestDouble#powTest</h3><table class="result"><tr class="param"><th>Parameter #1</th><th>Parameter #2</th><th>Parameter #3</th></tr><tr class="param stripe"><td>2.5</td><td>3</td><td>15.625</td></tr></table><p class="totop"><a href="#summary">back to summary</a></p>
<h3 id="m21">com.epam.cdp.calc_unit_tests.tests.PowCalcTestDouble#powTest</h3><table class="result"><tr class="param"><th>Parameter #1</th><th>Parameter #2</th><th>Parameter #3</th></tr><tr class="param stripe"><td>2</td><td>3</td><td>8</td></tr></table><p class="totop"><a href="#summary">back to summary</a></p>
<h3 id="m22">com.epam.cdp.calc_unit_tests.tests.PowCalcTestDouble#powTest</h3><table class="result"><tr class="param"><th>Parameter #1</th><th>Parameter #2</th><th>Parameter #3</th></tr><tr class="param stripe"><td>-2</td><td>-3</td><td>-0.125</td></tr></table><p class="totop"><a href="#summary">back to summary</a></p>
<h2>Sqrt Tests</h2><h3 id="m23">com.epam.cdp.calc_unit_tests.tests.SqrtCalcTestDouble#sqrtTest</h3><table class="result"><tr><th>Exception</th></tr><tr><td><div class="stacktrace">org.testng.TestException: 
Method SqrtCalcTestDouble.sqrtTest()[pri:0, instance:com.epam.cdp.calc_unit_tests.tests.SqrtCalcTestDouble@4ce1d6d0] should have thrown an exception of type class java.lang.Exception
	at Runners.CalcTestsRunner.main(CalcTestsRunner.java:31)
... Removed 20 stack frames</div></td></tr></table><p class="totop"><a href="#summary">back to summary</a></p>
<h3 id="m24">com.epam.cdp.calc_unit_tests.tests.SqrtCalcTestDouble#sqrtTest</h3><table class="result"><tr class="param"><th>Parameter #1</th><th>Parameter #2</th></tr><tr class="param stripe"><td>2.25</td><td>1.5</td></tr></table><p class="totop"><a href="#summary">back to summary</a></p>
<h3 id="m25">com.epam.cdp.calc_unit_tests.tests.SqrtCalcTestDouble#sqrtTest</h3><table class="result"><tr class="param"><th>Parameter #1</th><th>Parameter #2</th></tr><tr class="param stripe"><td>0</td><td>0</td></tr></table><p class="totop"><a href="#summary">back to summary</a></p>
<h3 id="m26">com.epam.cdp.calc_unit_tests.tests.SqrtCalcTestDouble#sqrtTest</h3><table class="result"><tr class="param"><th>Parameter #1</th><th>Parameter #2</th></tr><tr class="param stripe"><td>4</td><td>2</td></tr></table><p class="totop"><a href="#summary">back to summary</a></p>
<h2>Trigonometry Tests</h2><h3 id="m27">com.epam.cdp.calc_unit_tests.tests.CosCalcTestDouble#sinTest</h3><table class="result"><tr class="param"><th>Parameter #1</th><th>Parameter #2</th></tr><tr class="param stripe"><td>0</td><td>1</td></tr><tr><th colspan="2">Exception</th></tr><tr><td colspan="2"><div class="stacktrace">java.lang.AssertionError: Cos operation is incorrect: Cos 0.0 = 0.0 expected [1.0] but found [0.0]
	at com.epam.cdp.calc_unit_tests.tests.CosCalcTestDouble.sinTest(CosCalcTestDouble.java:12)
	at Runners.CalcTestsRunner.main(CalcTestsRunner.java:31)
... Removed 27 stack frames</div></td></tr></table><p class="totop"><a href="#summary">back to summary</a></p>
<h3 id="m28">com.epam.cdp.calc_unit_tests.tests.CosCalcTestDouble#sinTest</h3><table class="result"><tr class="param"><th>Parameter #1</th><th>Parameter #2</th></tr><tr class="param stripe"><td>-1</td><td>0.5143952585235492</td></tr><tr><th colspan="2">Exception</th></tr><tr><td colspan="2"><div class="stacktrace">java.lang.AssertionError: Cos operation is incorrect: Cos -1.0 = -0.8414709848078965 expected [0.5143952585235492] but found [-0.8414709848078965]
	at com.epam.cdp.calc_unit_tests.tests.CosCalcTestDouble.sinTest(CosCalcTestDouble.java:12)
	at Runners.CalcTestsRunner.main(CalcTestsRunner.java:31)
... Removed 27 stack frames</div></td></tr></table><p class="totop"><a href="#summary">back to summary</a></p>
<h3 id="m29">com.epam.cdp.calc_unit_tests.tests.CosCalcTestDouble#sinTest</h3><table class="result"><tr class="param"><th>Parameter #1</th><th>Parameter #2</th></tr><tr class="param stripe"><td>1</td><td>0.5143952585235492</td></tr><tr><th colspan="2">Exception</th></tr><tr><td colspan="2"><div class="stacktrace">java.lang.AssertionError: Cos operation is incorrect: Cos 1.0 = 0.8414709848078965 expected [0.5143952585235492] but found [0.8414709848078965]
	at com.epam.cdp.calc_unit_tests.tests.CosCalcTestDouble.sinTest(CosCalcTestDouble.java:12)
	at Runners.CalcTestsRunner.main(CalcTestsRunner.java:31)
... Removed 27 stack frames</div></td></tr></table><p class="totop"><a href="#summary">back to summary</a></p>
<h3 id="m30">com.epam.cdp.calc_unit_tests.tests.CtgCalcTestDouble#ctgTest</h3><table class="result"><tr class="param"><th>Parameter #1</th><th>Parameter #2</th></tr><tr class="param stripe"><td>-10</td><td>-1.5423510453569</td></tr><tr><th colspan="2">Exception</th></tr><tr><td colspan="2"><div class="stacktrace">java.lang.AssertionError: Ctg operation is incorrect: Ctg -10.0 = -0.9999999958776927 expected [-1.5423510453569] but found [-0.9999999958776927]
	at com.epam.cdp.calc_unit_tests.tests.CtgCalcTestDouble.ctgTest(CtgCalcTestDouble.java:13)
	at Runners.CalcTestsRunner.main(CalcTestsRunner.java:31)
... Removed 27 stack frames</div></td></tr></table><p class="totop"><a href="#summary">back to summary</a></p>
<h3 id="m31">com.epam.cdp.calc_unit_tests.tests.CtgCalcTestDouble#ctgTest</h3><table class="result"><tr class="param"><th>Parameter #1</th><th>Parameter #2</th></tr><tr class="param stripe"><td>1</td><td>0.64209261593433</td></tr><tr><th colspan="2">Exception</th></tr><tr><td colspan="2"><div class="stacktrace">java.lang.AssertionError: Ctg operation is incorrect: Ctg 1.0 = 0.7615941559557649 expected [0.64209261593433] but found [0.7615941559557649]
	at com.epam.cdp.calc_unit_tests.tests.CtgCalcTestDouble.ctgTest(CtgCalcTestDouble.java:13)
	at Runners.CalcTestsRunner.main(CalcTestsRunner.java:31)
... Removed 27 stack frames</div></td></tr></table><p class="totop"><a href="#summary">back to summary</a></p>
<h3 id="m32">com.epam.cdp.calc_unit_tests.tests.CtgCalcTestDouble#ctgTestNegative</h3><table class="result"><tr><th>Exception</th></tr><tr><td><div class="stacktrace">org.testng.TestException: 
Method CtgCalcTestDouble.ctgTestNegative()[pri:0, instance:com.epam.cdp.calc_unit_tests.tests.CtgCalcTestDouble@6f3c660a] should have thrown an exception of type class java.lang.Exception
	at Runners.CalcTestsRunner.main(CalcTestsRunner.java:31)
... Removed 20 stack frames</div></td></tr></table><p class="totop"><a href="#summary">back to summary</a></p>
<h3 id="m33">com.epam.cdp.calc_unit_tests.tests.TgCalcTestDouble#tgTest</h3><table class="result"><tr class="param"><th>Parameter #1</th><th>Parameter #2</th></tr><tr class="param stripe"><td>0</td><td>0</td></tr><tr><th colspan="2">Exception</th></tr><tr><td colspan="2"><div class="stacktrace">java.lang.AssertionError: Tg operation is incorrect: Tg 0.0 = NaN expected [0.0] but found [NaN]
	at com.epam.cdp.calc_unit_tests.tests.TgCalcTestDouble.tgTest(TgCalcTestDouble.java:13)
	at Runners.CalcTestsRunner.main(CalcTestsRunner.java:31)
... Removed 27 stack frames</div></td></tr></table><p class="totop"><a href="#summary">back to summary</a></p>
<h3 id="m34">com.epam.cdp.calc_unit_tests.tests.TgCalcTestDouble#tgTest</h3><table class="result"><tr class="param"><th>Parameter #1</th><th>Parameter #2</th></tr><tr class="param stripe"><td>-10</td><td>-0.64836082745909</td></tr><tr><th colspan="2">Exception</th></tr><tr><td colspan="2"><div class="stacktrace">java.lang.AssertionError: Tg operation is incorrect: Tg -10.0 = 1.0 expected [-0.64836082745909] but found [1.0]
	at com.epam.cdp.calc_unit_tests.tests.TgCalcTestDouble.tgTest(TgCalcTestDouble.java:13)
	at Runners.CalcTestsRunner.main(CalcTestsRunner.java:31)
... Removed 27 stack frames</div></td></tr></table><p class="totop"><a href="#summary">back to summary</a></p>
<h3 id="m35">com.epam.cdp.calc_unit_tests.tests.TgCalcTestDouble#tgTest</h3><table class="result"><tr class="param"><th>Parameter #1</th><th>Parameter #2</th></tr><tr class="param stripe"><td>1</td><td>1.5574077246549</td></tr><tr><th colspan="2">Exception</th></tr><tr><td colspan="2"><div class="stacktrace">java.lang.AssertionError: Tg operation is incorrect: Tg 1.0 = 1.0 expected [1.5574077246549] but found [1.0]
	at com.epam.cdp.calc_unit_tests.tests.TgCalcTestDouble.tgTest(TgCalcTestDouble.java:13)
	at Runners.CalcTestsRunner.main(CalcTestsRunner.java:31)
... Removed 27 stack frames</div></td></tr></table><p class="totop"><a href="#summary">back to summary</a></p>
<h3 id="m36">com.epam.cdp.calc_unit_tests.tests.TgCalcTestDouble#tgTest</h3><table class="result"><tr class="param"><th>Parameter #1</th><th>Parameter #2</th></tr><tr class="param stripe"><td>10</td><td>0.6483608274590866</td></tr><tr><th colspan="2">Exception</th></tr><tr><td colspan="2"><div class="stacktrace">java.lang.AssertionError: Tg operation is incorrect: Tg 10.0 = 1.0 expected [0.6483608274590866] but found [1.0]
	at com.epam.cdp.calc_unit_tests.tests.TgCalcTestDouble.tgTest(TgCalcTestDouble.java:13)
	at Runners.CalcTestsRunner.main(CalcTestsRunner.java:31)
... Removed 27 stack frames</div></td></tr></table><p class="totop"><a href="#summary">back to summary</a></p>
<h3 id="m37">com.epam.cdp.calc_unit_tests.tests.SinCalcTestDouble#sinTest</h3><table class="result"><tr class="param"><th>Parameter #1</th><th>Parameter #2</th></tr><tr class="param stripe"><td>1</td><td>0.8414709848078965</td></tr></table><p class="totop"><a href="#summary">back to summary</a></p>
<h3 id="m38">com.epam.cdp.calc_unit_tests.tests.SinCalcTestDouble#sinTest</h3><table class="result"><tr class="param"><th>Parameter #1</th><th>Parameter #2</th></tr><tr class="param stripe"><td>-1</td><td>-0.8414709848078965</td></tr></table><p class="totop"><a href="#summary">back to summary</a></p>
<h3 id="m39">com.epam.cdp.calc_unit_tests.tests.SinCalcTestDouble#sinTest</h3><table class="result"><tr class="param"><th>Parameter #1</th><th>Parameter #2</th></tr><tr class="param stripe"><td>0</td><td>0</td></tr></table><p class="totop"><a href="#summary">back to summary</a></p>
<h2>Boolean tests</h2><h3 id="m40">com.epam.cdp.calc_unit_tests.tests.IsNegativeCalcTestLong#isNegativeTest</h3><table class="result"><tr class="param"><th>Parameter #1</th><th>Parameter #2</th></tr><tr class="param stripe"><td>0</td><td>false</td></tr></table><p class="totop"><a href="#summary">back to summary</a></p>
<h3 id="m41">com.epam.cdp.calc_unit_tests.tests.IsNegativeCalcTestLong#isNegativeTest</h3><table class="result"><tr class="param"><th>Parameter #1</th><th>Parameter #2</th></tr><tr class="param stripe"><td>1</td><td>false</td></tr></table><p class="totop"><a href="#summary">back to summary</a></p>
<h3 id="m42">com.epam.cdp.calc_unit_tests.tests.IsNegativeCalcTestLong#isNegativeTest</h3><table class="result"><tr class="param"><th>Parameter #1</th><th>Parameter #2</th></tr><tr class="param stripe"><td>-1</td><td>true</td></tr></table><p class="totop"><a href="#summary">back to summary</a></p>
<h3 id="m43">com.epam.cdp.calc_unit_tests.tests.IsPositiveCalcTestLong#isPositiveTest</h3><table class="result"><tr class="param"><th>Parameter #1</th><th>Parameter #2</th></tr><tr class="param stripe"><td>1</td><td>true</td></tr></table><p class="totop"><a href="#summary">back to summary</a></p>
<h3 id="m44">com.epam.cdp.calc_unit_tests.tests.IsPositiveCalcTestLong#isPositiveTest</h3><table class="result"><tr class="param"><th>Parameter #1</th><th>Parameter #2</th></tr><tr class="param stripe"><td>-1</td><td>false</td></tr></table><p class="totop"><a href="#summary">back to summary</a></p>
<h3 id="m45">com.epam.cdp.calc_unit_tests.tests.IsPositiveCalcTestLong#isPositiveTest</h3><table class="result"><tr class="param"><th>Parameter #1</th><th>Parameter #2</th></tr><tr class="param stripe"><td>0</td><td>false</td></tr></table><p class="totop"><a href="#summary">back to summary</a></p>
</body>
</html>
